{"total": {"lines":{"total":221,"covered":125,"skipped":0,"pct":56.56},"statements":{"total":239,"covered":138,"skipped":0,"pct":57.74},"functions":{"total":35,"covered":20,"skipped":0,"pct":57.14},"branches":{"total":193,"covered":94,"skipped":0,"pct":48.7},"branchesTrue":{"total":0,"covered":0,"skipped":0,"pct":100}}
,"/Users/kiko/nr/nrstan/lib/detector.js": {"lines":{"total":55,"covered":53,"skipped":0,"pct":96.36},"functions":{"total":1,"covered":1,"skipped":0,"pct":100},"statements":{"total":60,"covered":58,"skipped":0,"pct":96.66},"branches":{"total":39,"covered":34,"skipped":0,"pct":87.17}}
,"/Users/kiko/nr/nrstan/lib/slack-notifier.js": {"lines":{"total":68,"covered":68,"skipped":0,"pct":100},"functions":{"total":18,"covered":18,"skipped":0,"pct":100},"statements":{"total":76,"covered":76,"skipped":0,"pct":100},"branches":{"total":70,"covered":60,"skipped":0,"pct":85.71}}
,"/Users/kiko/nr/nrstan/nodes/analyzer.js": {"lines":{"total":98,"covered":4,"skipped":0,"pct":4.08},"functions":{"total":16,"covered":1,"skipped":0,"pct":6.25},"statements":{"total":103,"covered":4,"skipped":0,"pct":3.88},"branches":{"total":84,"covered":0,"skipped":0,"pct":0}}
}
