TN:
SF:lib/detector.js
FN:1,detectDebuggingTraits
FNF:1
FNH:1
FNDA:45,detectDebuggingTraits
DA:2,45
DA:5,45
DA:6,8
DA:9,37
DA:11,37
DA:12,37
DA:14,37
DA:15,5109
DA:16,5109
DA:18,5109
DA:19,5109
DA:21,5109
DA:22,10
DA:32,5109
DA:36,37
DA:37,30
DA:38,5077
DA:39,5077
DA:40,5077
DA:41,11
DA:52,30
DA:53,5077
DA:54,5077
DA:55,5077
DA:56,5
DA:68,37
DA:69,19
DA:70,5052
DA:71,5052
DA:72,5052
DA:73,5052
DA:74,5052
DA:76,5052
DA:77,4
DA:87,5052
DA:88,1
DA:98,5052
DA:99,1
DA:109,5052
DA:110,1
DA:121,19
DA:122,19
DA:124,19
DA:125,5052
DA:127,5052
DA:128,1006
DA:129,1006
DA:131,1006
DA:133,4046
DA:134,0
DA:144,4046
DA:148,19
DA:149,0
DA:161,37
DA:164,3
LF:55
LH:53
BRDA:1,0,0,0
BRDA:5,1,0,8
BRDA:5,1,1,37
BRDA:5,2,0,45
BRDA:5,2,1,37
BRDA:11,3,0,37
BRDA:11,3,1,0
BRDA:18,4,0,5109
BRDA:18,4,1,4086
BRDA:19,5,0,5109
BRDA:19,5,1,4090
BRDA:21,6,0,10
BRDA:21,6,1,5099
BRDA:21,7,0,5109
BRDA:21,7,1,3054
BRDA:36,8,0,30
BRDA:36,8,1,7
BRDA:40,9,0,11
BRDA:40,9,1,5066
BRDA:55,10,0,5
BRDA:55,10,1,5072
BRDA:68,11,0,19
BRDA:68,11,1,18
BRDA:76,12,0,4
BRDA:76,12,1,5048
BRDA:87,13,0,1
BRDA:87,13,1,5051
BRDA:98,14,0,1
BRDA:98,14,1,5051
BRDA:109,15,0,1
BRDA:109,15,1,5051
BRDA:127,16,0,1006
BRDA:127,16,1,4046
BRDA:128,17,0,1006
BRDA:128,17,1,0
BRDA:133,18,0,0
BRDA:133,18,1,4046
BRDA:148,19,0,0
BRDA:148,19,1,19
BRF:39
BRH:34
end_of_record
TN:
SF:lib/slack-notifier.js
FN:2,(anonymous_0)
FN:8,(anonymous_1)
FN:43,(anonymous_2)
FN:47,(anonymous_3)
FN:51,(anonymous_4)
FN:62,(anonymous_5)
FN:64,(anonymous_6)
FN:77,(anonymous_7)
FN:82,(anonymous_8)
FN:90,(anonymous_9)
FN:96,(anonymous_10)
FN:97,(anonymous_11)
FN:98,(anonymous_12)
FN:105,(anonymous_13)
FN:106,(anonymous_14)
FN:128,(anonymous_15)
FN:130,(anonymous_16)
FN:143,(anonymous_17)
FNF:18
FNH:18
FNDA:31,(anonymous_0)
FNDA:15,(anonymous_1)
FNDA:7,(anonymous_2)
FNDA:59,(anonymous_3)
FNDA:59,(anonymous_4)
FNDA:9,(anonymous_5)
FNDA:59,(anonymous_6)
FNDA:4,(anonymous_7)
FNDA:10,(anonymous_8)
FNDA:10,(anonymous_9)
FNDA:9,(anonymous_10)
FNDA:9,(anonymous_11)
FNDA:9,(anonymous_12)
FNDA:9,(anonymous_13)
FNDA:9,(anonymous_14)
FNDA:4,(anonymous_15)
FNDA:9,(anonymous_16)
FNDA:17,(anonymous_17)
DA:3,31
DA:4,31
DA:9,15
DA:11,3
DA:12,3
DA:14,3
DA:17,12
DA:23,12
DA:31,12
DA:32,12
DA:34,3
DA:36,3
DA:37,2
DA:44,7
DA:46,7
DA:47,59
DA:50,7
DA:51,7
DA:52,59
DA:53,9
DA:55,59
DA:58,7
DA:59,7
DA:62,7
DA:63,9
DA:64,9
DA:65,59
DA:67,9
DA:70,7
DA:71,7
DA:73,7
DA:78,4
DA:81,4
DA:82,4
DA:83,10
DA:84,4
DA:89,4
DA:90,4
DA:91,10
DA:92,4
DA:93,4
DA:96,9
DA:97,9
DA:98,9
DA:100,4
DA:101,4
DA:102,3
DA:104,4
DA:105,9
DA:106,9
DA:107,4
DA:108,4
DA:110,4
DA:111,2
DA:114,4
DA:115,4
DA:124,4
DA:125,4
DA:128,4
DA:129,4
DA:130,4
DA:131,9
DA:133,4
DA:136,4
DA:137,4
DA:139,4
DA:144,17
DA:151,3
LF:68
LH:68
BRDA:8,0,0,2
BRDA:9,1,0,3
BRDA:9,1,1,12
BRDA:11,2,0,3
BRDA:11,2,1,0
BRDA:36,3,0,2
BRDA:36,3,1,1
BRDA:43,4,0,5
BRDA:52,5,0,9
BRDA:52,5,1,50
BRDA:58,6,0,4
BRDA:58,6,1,3
BRDA:77,7,0,3
BRDA:83,8,0,4
BRDA:83,8,1,6
BRDA:83,9,0,10
BRDA:83,9,1,4
BRDA:84,10,0,4
BRDA:84,10,1,0
BRDA:84,10,2,0
BRDA:91,11,0,4
BRDA:91,11,1,6
BRDA:91,12,0,10
BRDA:91,12,1,6
BRDA:91,12,2,4
BRDA:91,12,3,4
BRDA:93,13,0,4
BRDA:93,13,1,0
BRDA:97,14,0,9
BRDA:97,14,1,6
BRDA:98,15,0,9
BRDA:98,15,1,6
BRDA:101,16,0,3
BRDA:101,16,1,1
BRDA:102,17,0,0
BRDA:102,17,1,3
BRDA:104,18,0,4
BRDA:104,18,1,0
BRDA:107,19,0,3
BRDA:107,19,1,1
BRDA:107,20,0,0
BRDA:107,20,1,3
BRDA:108,21,0,1
BRDA:108,21,1,3
BRDA:108,22,0,0
BRDA:108,22,1,1
BRDA:110,23,0,2
BRDA:110,23,1,2
BRDA:111,24,0,0
BRDA:111,24,1,2
BRDA:114,25,0,4
BRDA:114,25,1,0
BRDA:124,26,0,3
BRDA:124,26,1,1
BRDA:125,27,0,2
BRDA:125,27,1,2
BRDA:125,28,0,2
BRDA:125,28,1,2
BRDA:129,29,0,3
BRDA:129,29,1,1
BRDA:144,30,0,17
BRDA:144,30,1,16
BRDA:145,31,0,13
BRDA:145,31,1,3
BRDA:145,32,0,16
BRDA:145,32,1,16
BRDA:146,33,0,13
BRDA:146,33,1,1
BRDA:147,34,0,3
BRDA:147,34,1,3
BRF:70
BRH:60
end_of_record
TN:
SF:nodes/analyzer.js
FN:4,(anonymous_0)
FN:5,CodeAnalyzer
FN:38,scanCurrentFlow
FN:44,(anonymous_3)
FN:53,(anonymous_4)
FN:68,(anonymous_5)
FN:69,(anonymous_6)
FN:101,(anonymous_7)
FN:113,monitorQueues
FN:118,(anonymous_9)
FN:137,(anonymous_10)
FN:161,(anonymous_11)
FN:176,startScanning
FN:189,(anonymous_13)
FN:195,(anonymous_14)
FN:204,(anonymous_15)
FNF:16
FNH:1
FNDA:1,(anonymous_0)
FNDA:0,CodeAnalyzer
FNDA:0,scanCurrentFlow
FNDA:0,(anonymous_3)
FNDA:0,(anonymous_4)
FNDA:0,(anonymous_5)
FNDA:0,(anonymous_6)
FNDA:0,(anonymous_7)
FNDA:0,monitorQueues
FNDA:0,(anonymous_9)
FNDA:0,(anonymous_10)
FNDA:0,(anonymous_11)
FNDA:0,startScanning
FNDA:0,(anonymous_13)
FNDA:0,(anonymous_14)
FNDA:0,(anonymous_15)
DA:1,1
DA:2,1
DA:4,1
DA:6,0
DA:7,0
DA:9,0
DA:10,0
DA:11,0
DA:12,0
DA:13,0
DA:14,0
DA:15,0
DA:16,0
DA:17,0
DA:20,0
DA:23,0
DA:24,0
DA:27,0
DA:30,0
DA:39,0
DA:40,0
DA:42,0
DA:44,0
DA:45,0
DA:46,0
DA:47,0
DA:48,0
DA:53,0
DA:54,0
DA:55,0
DA:57,0
DA:58,0
DA:59,0
DA:61,0
DA:63,0
DA:64,0
DA:65,0
DA:66,0
DA:68,0
DA:69,0
DA:71,0
DA:72,0
DA:73,0
DA:74,0
DA:75,0
DA:76,0
DA:79,0
DA:86,0
DA:91,0
DA:92,0
DA:99,0
DA:100,0
DA:101,0
DA:102,0
DA:105,0
DA:114,0
DA:116,0
DA:118,0
DA:119,0
DA:121,0
DA:124,0
DA:125,0
DA:127,0
DA:128,0
DA:130,0
DA:131,0
DA:134,0
DA:136,0
DA:137,0
DA:138,0
DA:139,0
DA:143,0
DA:146,0
DA:155,0
DA:156,0
DA:158,0
DA:159,0
DA:161,0
DA:164,0
DA:167,0
DA:177,0
DA:179,0
DA:180,0
DA:184,0
DA:185,0
DA:189,0
DA:190,0
DA:191,0
DA:192,0
DA:195,0
DA:196,0
DA:197,0
DA:199,0
DA:200,0
DA:204,0
DA:205,0
DA:208,0
DA:211,1
LF:98
LH:4
BRDA:9,0,0,0
BRDA:9,0,1,0
BRDA:10,1,0,0
BRDA:10,1,1,0
BRDA:11,2,0,0
BRDA:11,2,1,0
BRDA:13,3,0,0
BRDA:13,3,1,0
BRDA:14,4,0,0
BRDA:14,4,1,0
BRDA:15,5,0,0
BRDA:15,5,1,0
BRDA:16,6,0,0
BRDA:16,6,1,0
BRDA:17,7,0,0
BRDA:17,7,1,0
BRDA:45,8,0,0
BRDA:45,8,1,0
BRDA:45,9,0,0
BRDA:45,9,1,0
BRDA:47,10,0,0
BRDA:47,10,1,0
BRDA:47,11,0,0
BRDA:47,11,1,0
BRDA:54,12,0,0
BRDA:54,12,1,0
BRDA:54,13,0,0
BRDA:54,13,1,0
BRDA:54,13,2,0
BRDA:57,14,0,0
BRDA:57,14,1,0
BRDA:64,15,0,0
BRDA:64,15,1,0
BRDA:64,16,0,0
BRDA:64,16,1,0
BRDA:69,17,0,0
BRDA:69,17,1,0
BRDA:71,18,0,0
BRDA:71,18,1,0
BRDA:74,19,0,0
BRDA:74,19,1,0
BRDA:91,20,0,0
BRDA:91,20,1,0
BRDA:100,21,0,0
BRDA:100,21,1,0
BRDA:114,22,0,0
BRDA:114,22,1,0
BRDA:119,23,0,0
BRDA:119,23,1,0
BRDA:119,24,0,0
BRDA:119,24,1,0
BRDA:119,24,2,0
BRDA:121,25,0,0
BRDA:121,25,1,0
BRDA:121,25,2,0
BRDA:124,26,0,0
BRDA:124,26,1,0
BRDA:127,27,0,0
BRDA:127,27,1,0
BRDA:130,28,0,0
BRDA:130,28,1,0
BRDA:134,29,0,0
BRDA:134,29,1,0
BRDA:138,30,0,0
BRDA:138,30,1,0
BRDA:138,31,0,0
BRDA:138,31,1,0
BRDA:139,32,0,0
BRDA:139,32,1,0
BRDA:139,32,2,0
BRDA:143,33,0,0
BRDA:143,33,1,0
BRDA:155,34,0,0
BRDA:155,34,1,0
BRDA:156,35,0,0
BRDA:156,35,1,0
BRDA:179,36,0,0
BRDA:179,36,1,0
BRDA:184,37,0,0
BRDA:184,37,1,0
BRDA:196,38,0,0
BRDA:196,38,1,0
BRDA:199,39,0,0
BRDA:199,39,1,0
BRF:84
BRH:0
end_of_record
